Using pre-set license
Built from '2020.3/staging' branch; Version is '2020.3.30f1 (1fb1bf06830e) revision 2077119'; Using compiler version '192528614'; Build Type 'Release'
OS: 'Windows 10  (10.0.19044) 64bit Professional' Language: 'it' Physical Memory: 8092 MB
BatchMode: 1, IsHumanControllingUs: 0, StartBugReporterOnCrash: 0, Is64bit: 1, IsPro: 0

COMMAND LINE ARGUMENTS:
C:\Users\chio9\Desktop\Unity\2020.3.30f1\Editor\Unity.exe
-adb2
-batchMode
-noUpm
-name
AssetImportWorker0
-projectPath
C:/Users/chio9/Desktop/Unity/Projects/Thesis_V2
-logFile
Logs/AssetImportWorker0.log
-srvPort
65228
Successfully changed project path to: C:/Users/chio9/Desktop/Unity/Projects/Thesis_V2
C:/Users/chio9/Desktop/Unity/Projects/Thesis_V2
Using Asset Import Pipeline V2.
Refreshing native plugins compatible for Editor in 51.43 ms, found 0 plugins.
Preloading 0 native plugins for Editor in 0.00 ms.
Initialize engine version: 2020.3.30f1 (1fb1bf06830e)
[Subsystems] Discovering subsystems at path C:/Users/chio9/Desktop/Unity/2020.3.30f1/Editor/Data/Resources/UnitySubsystems
[Subsystems] Discovering subsystems at path C:/Users/chio9/Desktop/Unity/Projects/Thesis_V2/Assets
GfxDevice: creating device client; threaded=0
Direct3D:
    Version:  Direct3D 11.0 [level 11.1]
    Renderer: Intel(R) UHD Graphics 620 (ID=0x5917)
    Vendor:   
    VRAM:     4046 MB
    Driver:   26.20.100.8142
Initialize mono
Mono path[0] = 'C:/Users/chio9/Desktop/Unity/2020.3.30f1/Editor/Data/Managed'
Mono path[1] = 'C:/Users/chio9/Desktop/Unity/2020.3.30f1/Editor/Data/MonoBleedingEdge/lib/mono/unityjit'
Mono config path = 'C:/Users/chio9/Desktop/Unity/2020.3.30f1/Editor/Data/MonoBleedingEdge/etc'
Using monoOptions --debugger-agent=transport=dt_socket,embedding=1,server=y,suspend=n,address=127.0.0.1:56108
Begin MonoManager ReloadAssembly
Registering precompiled unity dll's ...
Register platform support module: C:/Users/chio9/Desktop/Unity/2020.3.30f1/Editor/Data/PlaybackEngines/MacStandaloneSupport/UnityEditor.OSXStandalone.Extensions.dll
Register platform support module: C:/Users/chio9/Desktop/Unity/2020.3.30f1/Editor/Data/PlaybackEngines/WindowsStandaloneSupport/UnityEditor.WindowsStandalone.Extensions.dll
Register platform support module: C:/Users/chio9/Desktop/Unity/2020.3.30f1/Editor/Data/PlaybackEngines/LinuxStandaloneSupport/UnityEditor.LinuxStandalone.Extensions.dll
Registered in 0.014881 seconds.
Native extension for LinuxStandalone target not found
Native extension for WindowsStandalone target not found
Native extension for OSXStandalone target not found
Refreshing native plugins compatible for Editor in 81.31 ms, found 0 plugins.
Preloading 0 native plugins for Editor in 0.00 ms.
Mono: successfully reloaded assembly
- Completed reload, in  0.776 seconds
Domain Reload Profiling:
	ReloadAssembly (776ms)
		BeginReloadAssembly (125ms)
			ExecutionOrderSort (0ms)
			DisableScriptedObjects (0ms)
			BackupInstance (0ms)
			ReleaseScriptingObjects (0ms)
			CreateAndSetChildDomain (1ms)
		EndReloadAssembly (555ms)
			LoadAssemblies (125ms)
			RebuildTransferFunctionScriptingTraits (0ms)
			SetupTypeCache (167ms)
			ReleaseScriptCaches (0ms)
			RebuildScriptCaches (35ms)
			SetupLoadedEditorAssemblies (233ms)
				LogAssemblyErrors (0ms)
				InitializePlatformSupportModulesInManaged (8ms)
				SetLoadedEditorAssemblies (0ms)
				RefreshPlugins (81ms)
				BeforeProcessingInitializeOnLoad (18ms)
				ProcessInitializeOnLoadAttributes (93ms)
				ProcessInitializeOnLoadMethodAttributes (32ms)
				AfterProcessingInitializeOnLoad (0ms)
				EditorAssembliesLoaded (0ms)
			ExecutionOrderSort2 (0ms)
			AwakeInstancesAfterBackupRestoration (0ms)
Platform modules already initialized, skipping
Registering precompiled user dll's ...
Registered in 0.010766 seconds.
Begin MonoManager ReloadAssembly
Native extension for LinuxStandalone target not found
Native extension for WindowsStandalone target not found
Native extension for OSXStandalone target not found
Refreshing native plugins compatible for Editor in 0.57 ms, found 0 plugins.
Preloading 0 native plugins for Editor in 0.00 ms.
Mono: successfully reloaded assembly
- Completed reload, in  1.953 seconds
Domain Reload Profiling:
	ReloadAssembly (1954ms)
		BeginReloadAssembly (170ms)
			ExecutionOrderSort (0ms)
			DisableScriptedObjects (5ms)
			BackupInstance (0ms)
			ReleaseScriptingObjects (0ms)
			CreateAndSetChildDomain (22ms)
		EndReloadAssembly (1714ms)
			LoadAssemblies (170ms)
			RebuildTransferFunctionScriptingTraits (0ms)
			SetupTypeCache (341ms)
			ReleaseScriptCaches (1ms)
			RebuildScriptCaches (61ms)
			SetupLoadedEditorAssemblies (1030ms)
				LogAssemblyErrors (0ms)
				InitializePlatformSupportModulesInManaged (7ms)
				SetLoadedEditorAssemblies (1ms)
				RefreshPlugins (1ms)
				BeforeProcessingInitializeOnLoad (113ms)
				ProcessInitializeOnLoadAttributes (885ms)
				ProcessInitializeOnLoadMethodAttributes (16ms)
				AfterProcessingInitializeOnLoad (8ms)
				EditorAssembliesLoaded (0ms)
			ExecutionOrderSort2 (0ms)
			AwakeInstancesAfterBackupRestoration (8ms)
Platform modules already initialized, skipping
========================================================================
Worker process is ready to serve import requests
Launched and connected shader compiler UnityShaderCompiler.exe after 0.10 seconds
Refreshing native plugins compatible for Editor in 0.48 ms, found 0 plugins.
Preloading 0 native plugins for Editor in 0.00 ms.
Unloading 2719 Unused Serialized files (Serialized files now loaded: 0)
System memory in use before: 123.1 MB.
System memory in use after: 123.3 MB.

Unloading 26 unused Assets to reduce memory usage. Loaded Objects now: 3145.
Total: 4.500500 ms (FindLiveObjects: 0.314800 ms CreateObjectMapping: 0.170200 ms MarkObjects: 3.932800 ms  DeleteObjects: 0.081500 ms)

AssetImportParameters requested are different than current active one (requested -> active):
  custom:framework-win-MediaFoundation: 216162199b28c13a410421893ffa2e32 -> 
  custom:video-decoder-ogg-theora: a1e56fd34408186e4bbccfd4996cb3dc -> 
  custom:container-muxer-webm: aa71ff27fc2769a1b78a27578f13a17b -> 
  custom:container-demuxer-webm: 4f35f7cbe854078d1ac9338744f61a02 -> 
  custom:container-demuxer-ogg: 62fdf1f143b41e24485cea50d1cbac27 -> 
  custom:video-encoder-webm-vp8: eb34c28f22e8b96e1ab97ce403110664 -> 
  custom:video-codec-MediaFoundation-h265: 746d11721c4dcdbdad8f713fa42b33f4 -> 
  custom:video-decoder-webm-vp8: 9c59270c3fd7afecdb556c50c9e8de78 -> 
  custom:audio-decoder-ogg-vorbis: bf7c407c2cedff20999df2af8eb42d56 -> 
  custom:audio-encoder-webm-vorbis: bf7c407c2cedff20999df2af8eb42d56 -> 
========================================================================
Received Import Request.
  path: Assets/Resources/Prefabs/CodeQuestionBox.prefab
  artifactKey: Guid(d094aca6340a8e040adbbb08a90366f5) Importer(815301076,1909f56bfc062723c751e8b465ee728b)
Start importing Assets/Resources/Prefabs/CodeQuestionBox.prefab using Guid(d094aca6340a8e040adbbb08a90366f5) Importer(815301076,1909f56bfc062723c751e8b465ee728b)  -> (artifact id: '5bf19de461f87d9df7982c574f71a3b9') in 0.150497 seconds 
========================================================================
Received Import Request.
  Time since last request: 0.000306 seconds.
  path: Assets/Resources/Prefabs/HintShop.prefab
  artifactKey: Guid(98b559d4a0b38f2439fb633831041670) Importer(815301076,1909f56bfc062723c751e8b465ee728b)
Start importing Assets/Resources/Prefabs/HintShop.prefab using Guid(98b559d4a0b38f2439fb633831041670) Importer(815301076,1909f56bfc062723c751e8b465ee728b)  -> (artifact id: '5301fa41c65537984ca5a01fdb8098d0') in 0.088441 seconds 
========================================================================
Received Import Request.
  Time since last request: 0.000336 seconds.
  path: Assets/Resources/Prefabs/Avatar.prefab
  artifactKey: Guid(d57fb859a9742e444913b49f2fb7ac09) Importer(815301076,1909f56bfc062723c751e8b465ee728b)
Start importing Assets/Resources/Prefabs/Avatar.prefab using Guid(d57fb859a9742e444913b49f2fb7ac09) Importer(815301076,1909f56bfc062723c751e8b465ee728b)  -> (artifact id: '68c6efb8cf791afc116033c042f06782') in 0.040202 seconds 
========================================================================
Received Import Request.
  Time since last request: 0.000353 seconds.
  path: Assets/Resources/Prefabs/HintBox.prefab
  artifactKey: Guid(1ac19999001612b4684282db3a0e1f58) Importer(815301076,1909f56bfc062723c751e8b465ee728b)
Start importing Assets/Resources/Prefabs/HintBox.prefab using Guid(1ac19999001612b4684282db3a0e1f58) Importer(815301076,1909f56bfc062723c751e8b465ee728b)  -> (artifact id: '3324ef76c6ed7322662f6e36c13c65c8') in 0.037597 seconds 
========================================================================
Received Import Request.
  Time since last request: 0.000329 seconds.
  path: Assets/Resources/Prefabs/UserBox.prefab
  artifactKey: Guid(f4a9c1611a05ec34383c89a3678d801e) Importer(815301076,1909f56bfc062723c751e8b465ee728b)
Start importing Assets/Resources/Prefabs/UserBox.prefab using Guid(f4a9c1611a05ec34383c89a3678d801e) Importer(815301076,1909f56bfc062723c751e8b465ee728b)  -> (artifact id: 'a6ff2ee6dc32d051a515c4d0b682a0fb') in 0.042190 seconds 
========================================================================
Received Import Request.
  Time since last request: 0.000370 seconds.
  path: Assets/Resources/Prefabs/Lobby.prefab
  artifactKey: Guid(c849309661561144bb5c8f1bb76167bf) Importer(815301076,1909f56bfc062723c751e8b465ee728b)
Start importing Assets/Resources/Prefabs/Lobby.prefab using Guid(c849309661561144bb5c8f1bb76167bf) Importer(815301076,1909f56bfc062723c751e8b465ee728b)  -> (artifact id: '9dc111521efef71cc7762e51a69dd8ef') in 0.035256 seconds 
========================================================================
Received Import Request.
  Time since last request: 0.000338 seconds.
  path: Assets/Resources/Prefabs/UserSpace.prefab
  artifactKey: Guid(896267f36d5f3a645b85e5d3cf5e81a8) Importer(815301076,1909f56bfc062723c751e8b465ee728b)
Start importing Assets/Resources/Prefabs/UserSpace.prefab using Guid(896267f36d5f3a645b85e5d3cf5e81a8) Importer(815301076,1909f56bfc062723c751e8b465ee728b)  -> (artifact id: 'e8b3dd5c24aba21566caf6f8761ff2c8') in 0.018060 seconds 
========================================================================
Received Prepare
Registering precompiled user dll's ...
Registered in 0.012066 seconds.
Begin MonoManager ReloadAssembly
Native extension for LinuxStandalone target not found
Native extension for WindowsStandalone target not found
Native extension for OSXStandalone target not found
Refreshing native plugins compatible for Editor in 0.79 ms, found 0 plugins.
Preloading 0 native plugins for Editor in 0.00 ms.
Cancelling DisplayDialog: Burst Package Update Detected The version of Burst used by your project has changed. Please restart the Editor to continue.
This should not be called in batch mode.
UnityEngine.StackTraceUtility:ExtractStackTrace ()
UnityEditor.EditorUtility:DisplayDialog (string,string,string)
Unity.Burst.Editor.BurstLoader:OnVersionChangeDetected () (at Library/PackageCache/com.unity.burst@1.5.4/Editor/BurstLoader.cs:98)
Unity.Burst.Editor.BurstLoader:VersionUpdateCheck () (at Library/PackageCache/com.unity.burst@1.5.4/Editor/BurstLoader.cs:72)
Unity.Burst.Editor.BurstLoader:.cctor () (at Library/PackageCache/com.unity.burst@1.5.4/Editor/BurstLoader.cs:165)
System.Runtime.CompilerServices.RuntimeHelpers:RunClassConstructor (System.RuntimeTypeHandle)
UnityEditor.EditorAssemblies:ProcessInitializeOnLoadAttributes (System.Type[])

[Library/PackageCache/com.unity.burst@1.5.4/Editor/BurstLoader.cs line 98]

Mono: successfully reloaded assembly
- Completed reload, in  1.400 seconds
Domain Reload Profiling:
	ReloadAssembly (1400ms)
		BeginReloadAssembly (220ms)
			ExecutionOrderSort (0ms)
			DisableScriptedObjects (7ms)
			BackupInstance (0ms)
			ReleaseScriptingObjects (0ms)
			CreateAndSetChildDomain (54ms)
		EndReloadAssembly (1073ms)
			LoadAssemblies (161ms)
			RebuildTransferFunctionScriptingTraits (0ms)
			SetupTypeCache (329ms)
			ReleaseScriptCaches (1ms)
			RebuildScriptCaches (46ms)
			SetupLoadedEditorAssemblies (404ms)
				LogAssemblyErrors (0ms)
				InitializePlatformSupportModulesInManaged (8ms)
				SetLoadedEditorAssemblies (1ms)
				RefreshPlugins (1ms)
				BeforeProcessingInitializeOnLoad (101ms)
				ProcessInitializeOnLoadAttributes (274ms)
				ProcessInitializeOnLoadMethodAttributes (11ms)
				AfterProcessingInitializeOnLoad (7ms)
				EditorAssembliesLoaded (0ms)
			ExecutionOrderSort2 (0ms)
			AwakeInstancesAfterBackupRestoration (37ms)
Platform modules already initialized, skipping
Refreshing native plugins compatible for Editor in 0.54 ms, found 0 plugins.
Preloading 0 native plugins for Editor in 0.00 ms.
Unloading 2566 Unused Serialized files (Serialized files now loaded: 0)
System memory in use before: 118.0 MB.
System memory in use after: 118.2 MB.

Unloading 92 unused Assets to reduce memory usage. Loaded Objects now: 3082.
Total: 4.096000 ms (FindLiveObjects: 0.233700 ms CreateObjectMapping: 0.123700 ms MarkObjects: 3.678800 ms  DeleteObjects: 0.058900 ms)

AssetImportParameters requested are different than current active one (requested -> active):
  custom:framework-win-MediaFoundation: 216162199b28c13a410421893ffa2e32 -> 
  custom:video-decoder-ogg-theora: a1e56fd34408186e4bbccfd4996cb3dc -> 
  custom:container-muxer-webm: aa71ff27fc2769a1b78a27578f13a17b -> 
  custom:container-demuxer-webm: 4f35f7cbe854078d1ac9338744f61a02 -> 
  custom:container-demuxer-ogg: 62fdf1f143b41e24485cea50d1cbac27 -> 
  custom:video-encoder-webm-vp8: eb34c28f22e8b96e1ab97ce403110664 -> 
  custom:video-codec-MediaFoundation-h265: 746d11721c4dcdbdad8f713fa42b33f4 -> 
  custom:video-decoder-webm-vp8: 9c59270c3fd7afecdb556c50c9e8de78 -> 
  custom:audio-decoder-ogg-vorbis: bf7c407c2cedff20999df2af8eb42d56 -> 
  custom:audio-encoder-webm-vorbis: bf7c407c2cedff20999df2af8eb42d56 -> 
AssetImportWorkerClient::OnTransportError - code=2 error=End of file
